# JRE version: OpenJDK Runtime Environment (Red_Hat-17.0.17.0.10-1) (17.0.17+10) (build 17.0.17+10-LTS)
# Java VM: OpenJDK 64-Bit Server VM (Red_Hat-17.0.17.0.10-1) (17.0.17+10-LTS, mixed mode, sharing, tiered, compressed oops, compressed class ptrs, g1 gc, linux-amd64)
GC Precious Log:
 CPUs: 64 total, 64 available
 Memory: 125G
 Large Page Support: Disabled
 NUMA Support: Disabled
 Compressed Oops: Enabled (Zero based)
 Heap Region Size: 16M
 Heap Min Capacity: 16M
 Heap Initial Capacity: 2016M
 Heap Max Capacity: 30688M
 Pre-touch: Disabled
 Parallel Workers: 43
 Concurrent Workers: 11
 Concurrent Refinement Workers: 43
 Periodic GC: Disabled
Heap:
 garbage-first heap   total 3031040K, used 408411K [0x0000000082000000, 0x0000000800000000)
  region size 16384K, 21 young (344064K), 10 survivors (163840K)
 Metaspace       used 13605K, committed 13824K, reserved 1114112K
  class space    used 1461K, committed 1600K, reserved 1048576K
GC Heap History (20 events):
Event: 9.364 GC heap before
{Heap before GC invocations=7 (full 0):
 garbage-first heap   total 2097152K, used 1237012K [0x0000000082000000, 0x0000000800000000)
  region size 16384K, 75 young (1228800K), 4 survivors (65536K)
 Metaspace       used 12673K, committed 12800K, reserved 1114112K
  class space    used 1427K, committed 1472K, reserved 1048576K
}
Event: 9.375 GC heap after
{Heap after GC invocations=8 (full 0):
 garbage-first heap   total 2097152K, used 87704K [0x0000000082000000, 0x0000000800000000)
  region size 16384K, 4 young (65536K), 4 survivors (65536K)
 Metaspace       used 12673K, committed 12800K, reserved 1114112K
  class space    used 1427K, committed 1472K, reserved 1048576K
}
Event: 10.684 GC heap before
{Heap before GC invocations=8 (full 0):
 garbage-first heap   total 2097152K, used 1250968K [0x0000000082000000, 0x0000000800000000)
  region size 16384K, 75 young (1228800K), 4 survivors (65536K)
 Metaspace       used 12686K, committed 12800K, reserved 1114112K
  class space    used 1428K, committed 1472K, reserved 1048576K
}
Event: 10.698 GC heap after
{Heap after GC invocations=9 (full 0):
 garbage-first heap   total 2097152K, used 101761K [0x0000000082000000, 0x0000000800000000)
  region size 16384K, 5 young (81920K), 5 survivors (81920K)
 Metaspace       used 12686K, committed 12800K, reserved 1114112K
  class space    used 1428K, committed 1472K, reserved 1048576K
}
Event: 11.971 GC heap before
{Heap before GC invocations=9 (full 0):
 garbage-first heap   total 2097152K, used 1248641K [0x0000000082000000, 0x0000000800000000)
  region size 16384K, 75 young (1228800K), 5 survivors (81920K)
 Metaspace       used 12693K, committed 12864K, reserved 1114112K
  class space    used 1428K, committed 1472K, reserved 1048576K
}
Event: 11.984 GC heap after
{Heap after GC invocations=10 (full 0):
 garbage-first heap   total 2523136K, used 113260K [0x0000000082000000, 0x0000000800000000)
  region size 16384K, 6 young (98304K), 6 survivors (98304K)
 Metaspace       used 12693K, committed 12864K, reserved 1114112K
  class space    used 1428K, committed 1472K, reserved 1048576K
}
Event: 13.379 GC heap before
{Heap before GC invocations=10 (full 0):
 garbage-first heap   total 2523136K, used 1522284K [0x0000000082000000, 0x0000000800000000)
  region size 16384K, 92 young (1507328K), 6 survivors (98304K)
 Metaspace       used 12716K, committed 12864K, reserved 1114112K
  class space    used 1429K, committed 1472K, reserved 1048576K
}
Event: 13.397 GC heap after
{Heap after GC invocations=11 (full 0):
 garbage-first heap   total 2523136K, used 125933K [0x0000000082000000, 0x0000000800000000)
  region size 16384K, 7 young (114688K), 7 survivors (114688K)
 Metaspace       used 12716K, committed 12864K, reserved 1114112K
  class space    used 1429K, committed 1472K, reserved 1048576K
}
Event: 14.703 GC heap before
{Heap before GC invocations=11 (full 0):
 garbage-first heap   total 2523136K, used 1518573K [0x0000000082000000, 0x0000000800000000)
  region size 16384K, 92 young (1507328K), 7 survivors (114688K)
 Metaspace       used 12719K, committed 12864K, reserved 1114112K
  class space    used 1429K, committed 1472K, reserved 1048576K
}
Event: 14.724 GC heap after
{Heap after GC invocations=12 (full 0):
 garbage-first heap   total 2523136K, used 139737K [0x0000000082000000, 0x0000000800000000)
  region size 16384K, 8 young (131072K), 8 survivors (131072K)
 Metaspace       used 12719K, committed 12864K, reserved 1114112K
  class space    used 1429K, committed 1472K, reserved 1048576K
}
Event: 16.222 GC heap before
{Heap before GC invocations=12 (full 0):
 garbage-first heap   total 2523136K, used 1515993K [0x0000000082000000, 0x0000000800000000)
  region size 16384K, 92 young (1507328K), 8 survivors (131072K)
 Metaspace       used 12732K, committed 12864K, reserved 1114112K
  class space    used 1430K, committed 1472K, reserved 1048576K
}
Event: 16.259 GC heap after
{Heap after GC invocations=13 (full 0):
 garbage-first heap   total 2523136K, used 156422K [0x0000000082000000, 0x0000000800000000)
  region size 16384K, 7 young (114688K), 7 survivors (114688K)
 Metaspace       used 12732K, committed 12864K, reserved 1114112K
  class space    used 1430K, committed 1472K, reserved 1048576K
}
Event: 17.815 GC heap before
{Heap before GC invocations=13 (full 0):
 garbage-first heap   total 2523136K, used 1549062K [0x0000000082000000, 0x0000000800000000)
  region size 16384K, 92 young (1507328K), 7 survivors (114688K)
 Metaspace       used 12738K, committed 12864K, reserved 1114112K
  class space    used 1430K, committed 1472K, reserved 1048576K
}
Event: 17.840 GC heap after
{Heap after GC invocations=14 (full 0):
 garbage-first heap   total 2523136K, used 171042K [0x0000000082000000, 0x0000000800000000)
  region size 16384K, 7 young (114688K), 7 survivors (114688K)
 Metaspace       used 12738K, committed 12864K, reserved 1114112K
  class space    used 1430K, committed 1472K, reserved 1048576K
}
Event: 19.147 GC heap before
{Heap before GC invocations=14 (full 0):
 garbage-first heap   total 2523136K, used 1563682K [0x0000000082000000, 0x0000000800000000)
  region size 16384K, 92 young (1507328K), 7 survivors (114688K)
 Metaspace       used 12744K, committed 12864K, reserved 1114112K
  class space    used 1430K, committed 1472K, reserved 1048576K
}
Event: 19.173 GC heap after
{Heap after GC invocations=15 (full 0):
 garbage-first heap   total 2523136K, used 184045K [0x0000000082000000, 0x0000000800000000)
  region size 16384K, 7 young (114688K), 7 survivors (114688K)
 Metaspace       used 12744K, committed 12864K, reserved 1114112K
  class space    used 1430K, committed 1472K, reserved 1048576K
}
Event: 20.690 GC heap before
{Heap before GC invocations=15 (full 0):
 garbage-first heap   total 2523136K, used 1576685K [0x0000000082000000, 0x0000000800000000)
  region size 16384K, 92 young (1507328K), 7 survivors (114688K)
 Metaspace       used 12745K, committed 12864K, reserved 1114112K
  class space    used 1430K, committed 1472K, reserved 1048576K
}
Event: 20.715 GC heap after
{Heap after GC invocations=16 (full 0):
 garbage-first heap   total 3031040K, used 198648K [0x0000000082000000, 0x0000000800000000)
  region size 16384K, 7 young (114688K), 7 survivors (114688K)
 Metaspace       used 12745K, committed 12864K, reserved 1114112K
  class space    used 1430K, committed 1472K, reserved 1048576K
}
Event: 22.657 GC heap before
{Heap before GC invocations=16 (full 0):
 garbage-first heap   total 3031040K, used 1902584K [0x0000000082000000, 0x0000000800000000)
  region size 16384K, 111 young (1818624K), 7 survivors (114688K)
 Metaspace       used 13554K, committed 13824K, reserved 1114112K
  class space    used 1461K, committed 1600K, reserved 1048576K
}
Event: 22.689 GC heap after
{Heap after GC invocations=17 (full 0):
 garbage-first heap   total 3031040K, used 244571K [0x0000000082000000, 0x0000000800000000)
  region size 16384K, 10 young (163840K), 10 survivors (163840K)
 Metaspace       used 13554K, committed 13824K, reserved 1114112K
  class space    used 1461K, committed 1600K, reserved 1048576K
}

