# JRE version: OpenJDK Runtime Environment (Red_Hat-17.0.17.0.10-1) (17.0.17+10) (build 17.0.17+10-LTS)
# Java VM: OpenJDK 64-Bit Server VM (Red_Hat-17.0.17.0.10-1) (17.0.17+10-LTS, mixed mode, sharing, tiered, compressed oops, compressed class ptrs, g1 gc, linux-amd64)
GC Precious Log:
 CPUs: 64 total, 64 available
 Memory: 125G
 Large Page Support: Disabled
 NUMA Support: Disabled
 Compressed Oops: Enabled (Zero based)
 Heap Region Size: 16M
 Heap Min Capacity: 16M
 Heap Initial Capacity: 2016M
 Heap Max Capacity: 30688M
 Pre-touch: Disabled
 Parallel Workers: 43
 Concurrent Workers: 11
 Concurrent Refinement Workers: 43
 Periodic GC: Disabled
Heap:
 garbage-first heap   total 2097152K, used 1065636K [0x0000000082000000, 0x0000000800000000)
  region size 16384K, 65 young (1064960K), 1 survivors (16384K)
 Metaspace       used 12137K, committed 12288K, reserved 1114112K
  class space    used 1400K, committed 1472K, reserved 1048576K
GC Heap History (8 events):
Event: 1.785 GC heap before
{Heap before GC invocations=0 (full 0):
 garbage-first heap   total 2097152K, used 114612K [0x0000000082000000, 0x0000000800000000)
  region size 16384K, 6 young (98304K), 0 survivors (0K)
 Metaspace       used 10505K, committed 10688K, reserved 1114112K
  class space    used 1310K, committed 1408K, reserved 1048576K
}
Event: 1.792 GC heap after
{Heap after GC invocations=1 (full 0):
 garbage-first heap   total 2097152K, used 25450K [0x0000000082000000, 0x0000000800000000)
  region size 16384K, 1 young (16384K), 1 survivors (16384K)
 Metaspace       used 10505K, committed 10688K, reserved 1114112K
  class space    used 1310K, committed 1408K, reserved 1048576K
}
Event: 3.122 GC heap before
{Heap before GC invocations=1 (full 0):
 garbage-first heap   total 2097152K, used 107370K [0x0000000082000000, 0x0000000800000000)
  region size 16384K, 6 young (98304K), 1 survivors (16384K)
 Metaspace       used 11519K, committed 11712K, reserved 1114112K
  class space    used 1386K, committed 1472K, reserved 1048576K
}
Event: 3.129 GC heap after
{Heap after GC invocations=2 (full 0):
 garbage-first heap   total 2097152K, used 25571K [0x0000000082000000, 0x0000000800000000)
  region size 16384K, 1 young (16384K), 1 survivors (16384K)
 Metaspace       used 11519K, committed 11712K, reserved 1114112K
  class space    used 1386K, committed 1472K, reserved 1048576K
}
Event: 3.455 GC heap before
{Heap before GC invocations=2 (full 0):
 garbage-first heap   total 2097152K, used 189411K [0x0000000082000000, 0x0000000800000000)
  region size 16384K, 11 young (180224K), 1 survivors (16384K)
 Metaspace       used 11792K, committed 11968K, reserved 1114112K
  class space    used 1395K, committed 1472K, reserved 1048576K
}
Event: 3.459 GC heap after
{Heap after GC invocations=3 (full 0):
 garbage-first heap   total 2097152K, used 28020K [0x0000000082000000, 0x0000000800000000)
  region size 16384K, 1 young (16384K), 1 survivors (16384K)
 Metaspace       used 11792K, committed 11968K, reserved 1114112K
  class space    used 1395K, committed 1472K, reserved 1048576K
}
Event: 4.052 GC heap before
{Heap before GC invocations=3 (full 0):
 garbage-first heap   total 2097152K, used 421236K [0x0000000082000000, 0x0000000800000000)
  region size 16384K, 25 young (409600K), 1 survivors (16384K)
 Metaspace       used 11936K, committed 12160K, reserved 1114112K
  class space    used 1398K, committed 1472K, reserved 1048576K
}
Event: 4.058 GC heap after
{Heap after GC invocations=4 (full 0):
 garbage-first heap   total 2097152K, used 33444K [0x0000000082000000, 0x0000000800000000)
  region size 16384K, 1 young (16384K), 1 survivors (16384K)
 Metaspace       used 11936K, committed 12160K, reserved 1114112K
  class space    used 1398K, committed 1472K, reserved 1048576K
}

